[  0.00000] niiaizincgup susycpus
    0.00000 Initializing cgrou sbsys cu[    0.000]Initaling cgroup subsys cpuacct
[    0.000000] Linux version 4.4.0-119-ger (buldlc01md-013(g version 5..0010609(Untu .4.0-6ubunu16.4.9) ) #43butu SM M Apr 2 6:08:24 C 018(Unt 4.4.0-119.143-ger 4.4.114)
   0.0000] Command line: BOOT_IMAGE=/boot/vinz-4.4.0-119-generic root=LABEL=cloudimg-rootfs ro console=tty1 console=ttyS0
[    0.0000 KERNEL supported cpus:
[   0.000000]  ntel GenuineIntl    .0000]   AMD AuthnticAMD
[    0.0000]  Ceta Cntauau
[  000000 x6/u: xta_ofse2] 576,xsatsizes[2]:  25
[   0.000000] x/f: SuporngXSVE fetu 0x01: 'x87 loti poit giters'
[    0.00000x86/puSuporting XSAVE feature 0x02: 'SSE registers'
[    0.000] x86/fpu: SupprtngXSVE feature 0x04: 'AV reiser'
[    0.000000] x86/fpu: Enabled xstatefeurs 0x, cotet szes 32 bytes, using 'standard' format.
[    0.000000] x86/fpu: Using 'lazy' FPU context switches.
[    0.000000] e820: BIOS-provided physical RAM map:
[    0.000000] BIS-20 [mem 0x0000000000000000-0x00000000fbff] usable
[   00000] BIOS-e820: [mem 0x000000000009fc0-000000000009ffff] reserved
[    0.000000] BIOS-e820: [mem 0x000000000000-0x000000fffff] reserved[   0.000] IOS-e820: [em0x000000001000-0x000000007ffeffff] usable
[    0.000000] BOS-e20 [mem 0x000000007fff00000-0x000000007fffffff] ACPI data[    00000] IOS-e20 [mem 0x00000000fec000-0x00000000fec00fff] reserved
[    0.000000] BIOS-e82: em0x00000fee0000-0x000000ee00fff] reseved
[    0.000000]BIOS-e820: [me 0x00000000ffc000x000000fffff] reserved
[    0.000000] NX  (Excue isbl) protection: active
[    .0000] SMBOS.5preset.[   .0000]Hyrvisor deteced: M[   0000] 20 last_pfn = 0x7fff0 max_arch_pfn = 0x0000000
[    .000000] MTRR: Dabd
[    0.000000] x86PA MRRs dable, skppingPAintiaizti too.
[    0.000000] CPU MTRRs all blank - virtualized system.
[    0.000000] 6/AT: Configuration [0-7]: WB  WT  UC- UC  WB  WT  UC- UC  
[    0.000000] found SMP MP-table at [mem 0x0009fff0-0x0009ffff] mapped at [ffff88000009fff0]
[    00000 Scanning 1arasor low memory corruption
[    0.000000] RAMDISK: [mem 0x36aae000-0x3754efff]
[   0.000000] ACPI: Early talechecksum verificti dsabld[   0.000000] ACPI: SD0x000000000E000 00024 (v02 VBO )
[  0.00000] ACPI: XSDT 0x00000007F003000003 (01VBOX   VBOXXSDT 00000001 ASL  00000061)
[    0.000000] ACPI: FACP 0x000000007FFF00F0 0000F4 (v04 VBOX   VBOXFACP 00000001 ASL  00000061)
[    0.000000] ACPI: DSDT 0x000000007F0470 0021F(v02 VBO  OXBIOS 00000002 INT 20008)
[    0.000000] ACPI: FACS 0x000000007FFF0200 000040
[    0.000000] ACPI: FACS 0x000000007FFF0200 000040
[    0.000000] ACPI: APIC 0x000000007FFF0240 00005C (v02 VBOX  VOXIC 0001 ASL 000061)
    0.000000 AI: SSDT 0x000000007FFF02A0 0001CC (v01 VBOX   VBOXCPUT 00000002 INTL 20100528)
[    0.000000] No NUMA cofiurtion fun
[   0.000000] Fakinga odat [mem0x000000000000x000000007ffffff]
[    0.000000NOE_DA(0) alocated [mem 0x7ffeb000-0x7ffeffff]
[    0.000000] kvm-clock: Using msrs 4b564d01 and 45600
[    0.00000]vmclock: cpu0,ms 0:7ffe00 pimary cpu clock
[    00000  kv-coc using ch offset of 3654637699 cycles
[    0.000000] losource: kvm-clock: mak: 0xfffffffff mx_ccl: 0x1cd42e4dffb, mx_idlens 81590591483 ns
[    00000] one ranges:
[    0.000000]   DMA      [mem 0x0000000000001000-0x0000000fff
[    0.000000  A32    [mem x0000000001000000-0x000000007feff]
[    0.00000  ormal  pt
[   00000]   eve  empty
[   0.0000] Movable zone start for each nod
   0.0000]arlymery ode ranges
[    0.000000]   node   0: [mem 0x000000000000100-x0000000009eff][   000000]   node   0: [mem 0x000000000010000-0x00000007ffeff][   00000] Intmem tu node 0 [mem 0x00000000000010000x0000007ffeffff]
[    0.000000] ACP: PM-Timer IOPot:00x4008
[   000000 IOAIC]: apicid 2, verio 3, ades0xfe0000, GSI 0-
[  000000 APIINT_SR_OVR (bus 0 bus_irq 0 global_irq 2 fldfl)
[    00000] ACPI: INT_SRC_VR(b 0 bus_irq  gba_irq 9 low leel
[    0.000000] Using ACPI (MADT) for SMP configuration information
[   .0000] spbt:Alowing CUs, 0otug Cs[    0.000000] PM: Registered nosave memory: me0x00000000-0x0000ff]
[    0.000000] P: Registered nosave memory: [mem 0x0009f000-0x0009ffff]
[    0.000000] PM: Rgistered nosave memory: [mem 0x000a000-00efff]
[    0.000000] PM Risteedosave memory: [mem 0x000f0000-0x000fffff]
[    0.000000] e820: [mem 0x80000000-0xfebfffff] available for PCI devices
[   0.0000 Botin pavrtualid rnelonKVM
[    0.000000] clocksource: refined-jiffies: mask: 0xffffffff max_cycles: 0xffffffff, max_idle_ns: 7645519600211568 ns
[    0.000000] setup_percpu: NR_CPUS:512 nr_cpumask_bits:512 nr_cpu_ids:2 nr_node_ids:1
[    0.000000] PERCPU: Embedded 34 pages/cpu @ffff88007fc00000 s99544 81 d3528 u048576
  0.00000PV qspinlock hashtabl eris: 2 (der:  4096byes)
[   00000] Built1 neists inodorder, mobility gropi on.  Total pages 51596
[  0.000] Poicy zone: DMA
    0.000000 Kernl mmand line: OOT_IMAGE=/boot/vmlinuz-4.4.0-119-generic root=LABEL=cloudimg-rootfs ro console=tty1 console=ttyS0
[    0.000000] PID hastaleenries: 4096 (order: 3,32768 byte)
[  .00000] Mery 2033832K/209696avilable (8532K kernel ce,1313K rat, 3996K rodata, 1508K init, 1316K bss, 62864K reserved, 0K cma-reseved)    0.0000 SLUB:HWign=6 Oer=0-3, MinObject0, CPUs=2, Nodes=1
[    0.000000] Knel/sepag tabl ilati: enbled[  0000000] HierarhialCU implementation.
[    0.000000] 	Bild-time adjustment of leaf fanout to 64
   0.000000] 	RCU rstricting CPUs from NR_CPS=512to nr_cpu_ids=2.
[    0.000000] RCU: Adjusting geometr f rcu_fanout_leaf=64, nr_cpu_ids2
[  000000] R_QS33024 nr_irqs:440 16
  0.00000Cosoe: colour VGA+805
[   00000] cnsole [tty1 eabled
[    0.000000] console [yS enable
  0.000000] tsc: Detected 2993.070 MHz processor
[   11.773341] Calibrating delay loop (skipped) preset value.. 5986.14 BogoMIPS (lpj=11972280)
[   11.829910] pid_max: default: 32768 minimum: 301
[   11.830777] ACPI: Core revision 20150930
[   11.880615] ACPI: 2 ACPI AML tables successfully acquired and loaded
[   11.959385] Security Framework initialized
[   11.999419] Yama: becoming mindful.
[   12.011990] AppArmor: AppArmor initialized
[   12.022985] Dentry cache hash table entries: 262144 (order: 9, 2097152 bytes)
[   12.064187] Inode-cache hash table entries: 131072 (order: 8, 1048576 bytes)
[   12.069498] Mount-cache hash table entries: 4096 (order: 3, 32768 bytes)
[   12.105791] Mountpoint-cache hash table entries: 4096 (order: 3, 32768 bytes)
[   12.140021] Initializing cgroup subsys io
[   12.158473] Initializing cgroup subsys memory
[   12.203686] Initializing cgroup subsys devices
[   12.224253] Initializing cgroup subsys freezer
[   12.245065] Initializing cgroup subsys net_cls
[   12.245858] Initializing cgroup subsys perf_event
[   12.261192] Initializing cgroup subsys net_prio
[   12.266831] Initializing cgroup subsys hugetlb
[   12.267626] Initializing cgroup subsys pids
[   12.268471] CPU: Physical Processor ID: 0
[   12.303295] CPU: Processor Core ID: 0
[   12.339466] FEATURE SPEC_CTRL Not Present
[   12.397905] mce: CPU supports 0 MCE banks
[   12.428757] Last level iTLBBentries: 4KB 1024, 2MB 1024, 4MB 1024
[   12.499322] Last level dTLB entries: 4KB 1024, 2MB 1024, 4MB 1024, 1GB 4
[   12.500417] Spectre V2 mitigation: Mitigation: Full generic retpoline
[   12.505137] Spectre V2 mitigation: Speculation control IBPB not-supported IBRS not-supported
[   12.533176] Freeing SMP alternatives memory: 32K
[   12.602218] ftrace: allocating 32195 entries in 126 pages
[   12.737547] smpboot: APIC(0) Converting physical 0 to logical package 0
[   12.759419] smpboot: Max logical packages: 1
[   12.760472] x2apic enabled
[   12.761233] Switched APIC routing to physical x2apic.
[   12.763201] ..TIMER: vector=0x30 apic1=0 pin1=2 apic2=-1 pin2=-1
[   12.870712] smpboot: CPU0: Intel(R) Core(TM) i5-4430 CPU @ 3.00GHz (family: 0x6, model: 0x3c, stepping: 0x3)
[   12.951385] Performance Events: unsupported p6 CPU model 60 no PMU driver, software events only.
[   13.059742] KVM setup paravirtual spinlock
[   13.117350] x86: Booting SMP configuration:
[   13.172223] .... node  #0, CPUs:      #1
[   13.202900] kvm-clock: cpu 1, msr 0:7ffe3041, secondary cpu clock
[   13.245710] mce: CPU supports 0 MCE banks
[   13.257200] x86: Booted up 1 node, 2 CPUs
[   13.267887] smpboot: Total of 2 processors activated (11972.28 BogoMIPS)
[   13.294593] devtmpfs: initialized
[   13.308786] evm: security.selinux
[   13.329146] evm: security.SMACK64
[   13.332351] evm: security.SMACK64EXEC
[   13.333041] evm: security.SMACK64TRANSMUTE
[   13.335850] evm: security.SMACK64MMAP
[   13.351725] evm: security.ima
[   13.363268] evm: security.capability
[   13.378407] clocksource: jiffies: mask: 0xffffffff max_cycles: 0xffffffff, max_idle_ns: 7645041785100000 ns
[   13.421171] futex hash table entries: 512 (order: 3, 32768 bytes)
[   13.460753] pinctrl core: initialized pinctrl subsystem
[   13.498171] RTC time: 22:08:56, date: 04/20/18
[   13.514579] NET: Registered protocol family 16
[   13.529520] cpuidle: using governor ladder
[   13.565407] cpuidle: using governor menu
[   13.605015] PCCT header not found.
[   13.638821] ACPI: bus type PCI registered
[   13.669680] acpiphp: ACPI Hot Plug PCI Controller Driver version: 0.5
[   13.682510] PCI: Using configuration type 1 for base access
[   13.718169] ACPI: Added _OSI(Module Device)
[   13.753979] ACPI: Added _OSI(Processor Device)
[   13.812029] ACPI: Added _OSI(3.0 _SCP Extensions)
[   13.872456] ACPI: Added _OSI(Processor Aggregator Device)
[   13.906121] ACPI: Executed 1 blocks of module-level executable AML code
[   13.960926] ACPI: Interpreter enabled
[   13.971030] ACPI: (supports S0 S5)
[   13.975636] ACPI: Using IOAPIC for interrupt routing
[   13.980297] PCI: Using host bridge windows from ACPI; if necessary, use "pci=nocrs" and report a bug
[   13.996154] ACPI: PCI Root Bridge [PCI0] (domain 0000 [bus 00-ff])
[   14.011890] acpi PNP0A03:00: _OSC: OS supports [ASPM ClockPM Segments MSI]
[   14.013020] acpi PNP0A03:00: _OSC: not requesting OS control; OS requires [ExtendedConfig ASPM ClockPM MSI]
[   14.033864] acpi PNP0A03:00: fail to add MMCONFIG information, can't access extended PCI configuration space under this bridge.
[   14.069686] PCI host bridge to bus 0000:00
[   14.099126] pci_bus 0000:00: root bus resource [io  0x0000-0x0cf7 window]
[   14.111503] pci_bus 0000:00: root bus resource [io  0x0d00-0xffff window]
[   14.114184] pci_bus 0000:00: root bus resource [mem 0x000a0000-0x000bffff window]
[   14.129407] pci_bus 0000:00: root bus resource [mem 0x80000000-0xfdffffff window]
[   14.135165] pci_bus 0000:00: root bus resource [bus 00-ff]
[   14.148711] pci 0000:00:01.1: legacy IDE quirk: reg 0x10: [io  0x01f0-0x01f7]
[   14.171504] pci 0000:00:01.1: legacy IDE quirk: reg 0x14: [io  0x03f6]
[   14.212532] pci 0000:00:01.1: legacy IDE quirk: reg 0x18: [io  0x0170-0x0177]
[   14.261380] pci 0000:00:01.1: legacy IDE quirk: reg 0x1c: [io  0x0376]
[   14.373901] pci 0000:00:07.0: quirk: [io  0x4000-0x403f] claimed by PIIX4 ACPI
[   14.398590] pci 0000:00:07.0: quirk: [io  0x4100-0x410f] claimed by PIIX4 SMB
[   14.421713] ACPI: PCI Interrupt Link [LNKA] (IRQs 5 9 10 *11)
[   14.435348] ACPI: PCI Interrupt Link [LNKB] (IRQs 5 9 *10 11)
[   14.444558] ACPI: PCI Interrupt Link [LNKC] (IRQs 5 *9 10 11)
[   14.445979] ACPI: PCI Interrupt Link [LNKD] (IRQs 5 9 10 *11)
[   14.456443] ACPI: Enabled 2 GPEs in block 00 to 07
[   14.464299] vgaarb: setting as boot device: PCI:0000:00:02.0
[   14.469988] vgaarb: device added: PCI:0000:00:02.0,decodes=io+mem,owns=io+mem,locks=none
[   14.490030] vgaarb: loaded
[   14.517145] vgaarb: bridge control possible 0000:00:02.0
[   14.523659] SCSI subsystem initialized
[   14.524766] ACPI: bus type USB registered
[   14.563804] usbcore: registered new interface driver usbfs
[   14.623977] usbcore: registered new interface driver hub
[   14.653848] usbcore: registered new device driver usb
[   14.682596] PCI: Using ACPI for IRQ routing
[   14.755588] NetLabel: Initializing
[   14.780586] NetLabel:  domain hash size = 128
[   14.801930] NetLabel:  protocols = UNLABELED CIPSOv4
[   14.809133] NetLabel:  unlabeled traffic allowed by default
[   14.840133] amd_nb: Cannot enumerate AMD northbridges
[   14.873680] clocksource: Switched to clocksource kvm-clock
[ 14861] ppmo Aprm Filesystemnaled[ 1563609pnp: PnP ACPI init
[ 15.387]npPnACPI: fun3 vis
[   16.014643] clocksource: acpi_pm: mask: 0xffffff max_cycles: 0xffffff, max_idle_ns: 2085701024 ns
[   16.045821] NET: Registered protocol family 2
[   16.046777] TCP established hash table entries: 16384 (order: 5, 131072 bytes)
[   16.072726] TCP bind hash table entries: 16384 (order: 6, 262144 bytes)
[   16.120249] TCP: Hash tables configured (established 16384 bind 16384)
[   16.142012] UDP hash table entries: 1024 (order: 3, 32768 bytes)
[   16.152397] UDP-Lite hash table entries: 1024 (order: 3, 32768 bytes)
[   16.189450] NET: Registered protocol family 1
[   16.234501] pci 0000:00:00.0: Limiting direct PCI/PCI transfers
[   16.237907] pci 0000:00:01.0: Activating ISA DMA hang workarounds
[   16.255200] Unpacking initramfs...
[   18.277796] Freeing initrd memory: 10884K
[   18.359684] RAPL PMU detected, API unit is 2^-32 Joules, 4 fixed counters 10737418240 ms ovfl timer
[   18.482107] hw unit of domain pp0-core 2^-0 Joules
[   18.499564] hw unit of domain package 2^-0 Joules
[   18.535526] hw unit of domain dram 2^-0 Joules
[   18.554195] hw unit of domain pp1-gpu 2^-0 Joules
[   18.557681] platform rtc_cmos: registered platform RTC device (no PNP device found)
[   18.561221] Scanning for low memory corruption every 60 seconds
[   18.571066] audit: initializing netlink subsys (disabled)
[   18.605455] audit: type=2000 audit(1524262131.929:1): initialized
[   18.622205] Initialise system trusted keyring
[   18.672709] HugeTLB registered 2 MB page size, pre-allocated 0 pages
[   18.702179] zbud: loaded
[   18.709237] VFS: Disk quotas dquot_6.6.0
[   18.710060] VFS: Dquot-cache hash table entries: 512 (order 0, 4096 bytes)
[   18.726153] squashfs: version 4.0 (2009/01/31) Phillip Lougher
[   18.728922] fuse init (API version 7.23)
[   18.729763] Key type big_key registered
[   18.730518] Allocating IMA MOK and blacklist keyrings.
[   18.732520] Key type asymmetric registered
[   18.774534] Asymmetric key parser 'x509' registered
[   18.778274] Block layer SCSI generic (bsg) driver version 0.4 loaded (major 249)
[   18.779769] io scheduler noop registered
[   18.806162] io scheduler deadline registered (default)
[   18.822746] io scheduler cfq registered
[   18.828753] pci_hotplug: PCI Hot Plug PCI Core version: 0.5
[   18.834415] pciehp: PCI Express Hot Plug Controller Driver version: 0.4
[   18.835832] ACPI: AC Adapter [AC] (on-line)
[   18.844741] input: Power Button as /devices/LNXSYSTM:00/LNXPWRBN:00/input/input0
[   18.851821] ACPI: Power Button [PWRF]
[   18.870663] input: Sleep Button as /devices/LNXSYSTM:00/LNXSLPBN:00/input/input1
[   18.878546] ACPI: Sleep Button [SLPF]
[   18.890684] GHES: HEST is not enabled!
[   18.904175] Serial: 8250/16550 driver, 32 ports, IRQ sharing enabled
ÿ[   18.983645] 00:02: ttyS0 at I/O 0x3f8 (irq = 4, base_baud = 115200) is a 16550A
[   19.075659] Linux agpgart interface v0.103
[   19.125963] loop: module loaded
[   19.130863] scsi host0: ata_piix
[   19.151025] scsi host1: ata_piix
[   19.170848] ata1: PATA max UDMA/33 cmd 0x1f0 ctl 0x3f6 bmdma 0xd000 irq 14
[   19.182463] ata2: PATA max UDMA/33 cmd 0x170 ctl 0x376 bmdma 0xd008 irq 15
[   19.183675] libphy: Fixed MDIO Bus: probed
[   19.202993] tun: Universal TUN/TAP device driver, 1.6
[   19.214758] tun: (C) 1999-2004 Max Krasnyansky <maxk@qualcomm.com>
[   19.215837] PPP generic driver version 2.4.2
[   19.216644] ehci_hcd: USB 2.0 'Enhanced' Host Controller (EHCI) Driver
[   19.217874] ehci-pci: EHCI PCI platform driver
[   19.223369] ehci-platform: EHCI generic platform driver
[   19.242079] ohci_hcd: USB 1.1 'Open' Host Controller (OHCI) Driver
[   19.261935] ohci-pci: OHCI PCI platform driver
[   19.262775] ohci-platform: OHCI generic platform driver
[   19.263692] uhci_hcd: USB Universal Host Controller Interface driver
[   19.284535] i8042: PNP: PS/2 Controller [PNP0303:PS2K,PNP0f03:PS2M] at 0x60,0x64 irq 1,12
[   19.296307] serio: i8042 KBD port at 0x60,0x64 irq 1
[   19.297168] serio: i8042 AUX port at 0x60,0x64 irq 12
[   19.316513] mousedev: PS/2 mouse device common for all mice
[   19.318029] input: AT Translated Set 2 keyboard as /devices/platform/i8042/serio0/input/input2
[   19.354022] rtc_cmos rtc_cmos: rtc core: registered rtc_cmos as rtc0
[   19.375438] rtc_cmos rtc_cmos: alarms up to one day, 114 bytes nvram
[   19.384252] i2c /dev entries driver
[   19.385191] device-mapper: uevent: version 1.0.3
[   19.401195] device-mapper: ioctl: 4.34.0-ioctl (2015-10-28) initialised: dm-devel@redhat.com
[   19.443063] ledtrig-cpu: registered to indicate activity on CPUs
[   19.447421] NET: Registered protocol family 10
[   19.460882] NET: Registered protocol family 17
[   19.488060] Key type dns_resolver registered
[   19.498660] registered taskstats version 1
[   19.512698] Loading compiled-in X509 certfite
[ 19.553971 t: efedSClosource calibration: 2994.690 MHz
[   9.39] ocoue: tsc: mask: 0xfffffffffffff m_cle: 2bad87 max_les: 405251505 ns
[   0.662] Loaded X.509 cert Bud ime autogneted kereley: f854e0663b596ed5b02b14f761b69302'
[   21.556471] zswap: loaded using pool lzo/zbud
[   21.600240] Key type trusted registered
[   21.607363] Key type encrypted registered
[   21.643111] AppArmor: AppArmor sha1 policy hashing enabled
[   21.720354] ima: No TPM chip found, activating TPM-bypass!
[   21.750350] evm: HMAC attrs: 0x1
[   21.751289]   Magic number: 14:888:148
[   21.752109] rtc_cmos rtc_cmos: setting system clock to 2018-04-20 22:09:04 UTC (1524262144)
[   21.814678] BIOS EDD facility v0.16 2004-Jun-25, 0 devices found
[   21.872443] EDD information not available.
[   21.890556] Freeing unused kernel memory: 1508K
[   21.907136] Write protecting the kernel read-only data: 14336k
[   21.928414] Freeing unused kernel memory: 1696K
[   21.936500] Freeing unused kernel memory: 100K
Loading, please wait...
starting version[   21.965911] random: systemd-udevd: uninitialized urandom read (16 bytes read, 4 bits of entropy available)
 229
[   21.966515] random: udevadm: uninitialized urandom read (16 bytes read, 4 bits of entropy available)
[   21.966538] random: udevadm: uninitialized urandom read (16 bytes read, 4 bits of entropy available)
[   21.980243] random: udevadm: uninitialized urandom read (16 bytes read, 4 bits of entropy available)
[   21.980296] random: udevadm: uninitialized urandom read (16 bytes read, 4 bits of entropy available)
[   21.980496] random: udevadm: uninitialized urandom read (16 bytes read, 4 bits of entropy available)
[   21.980567] random: udevadm: uninitialized urandom read (16 bytes read, 4 bits of entropy available)
[   21.980637] random: udevadm: uninitialized urandom read (16 bytes read, 4 bits of entropy available)
[   21.980706] random: udevadm: uninitialized urandom read (16 bytes read, 4 bits of entropy available)
[   21.980772] random: udevadm: uninitialized urandom read (16 bytes read, 4 bits of entropy available)
[   22.377081] Fusion MPT base driver 3.04.20
[   22.440041] Copyright (c) 1999-2008 LSI Corporation
[   22.467860] Fusion MPT SPI Host driver 3.04.20
[   22.490241] mptbase: ioc0: Initiating bringup
[   22.506411] AVX2 version of gcm_enc/dec engaged.
[   22.508304] e1000: Intel(R) PRO/1000 Network Driver - version 7.3.21-k8-NAPI
[   22.508304] e1000: Copyright (c) 1999-2006 Intel Corporation.
[   22.525198] AES CTR mode by8 optimization enabled
[   22.558127] ioc0: LSI53C1030 A0: Capabilities={Initiator}
[   22.691008] input: ImExPS/2 Generic Explorer Mouse as /devices/platform/i8042/serio1/input/input4
[   22.806934] scsi host2: ioc0: LSI53C1030 A0, FwRev=00000000h, Ports=1, MaxQ=256, IRQ=20
[   23.303497] scsi 2:0:0:0: Direct-Access     VBOX     HARDDISK         1.0  PQ: 0 ANSI: 5
[   23.472675] scsi target2:0:0: Beginning Domain Validation
[   23.536168] scsi target2:0:0: Domain Validation skipping write tests
[   23.559811] scsi target2:0:0: Ending Domain Validation
[   23.560800] scsi target2:0:0: asynchronous
[   23.565860] scsi 2:0:1:0: Direct-Access     VBOX     HARDDISK         1.0  PQ: 0 ANSI: 5
[   23.589119] scsi target2:0:1: Beginning Domain Validation
[   23.608816] scsi target2:0:1: Domain Validation skipping write tests
[   23.617675] scsi target2:0:1: Ending Domain Validation
[   23.629109] scsi target2:0:1: asynchronous
[   23.655641] sd 2:0:0:0: Attached scsi generic sg0 type 0
[   23.668520] sd 2:0:0:0: [sda] 20971520 512-byte logical blocks: (10.7 GB/10.0 GiB)
[   23.714761] sd 2:0:1:0: [sdb] 20480 512-byte logical blocks: (10.5 MB/10.0 MiB)
[   23.729399] sd 2:0:1:0: Attached scsi generic sg1 type 0
[   23.755983] sd 2:0:1:0: [sdb] Write Protect is off
[   23.763285] sd 2:0:1:0: [sdb] Incomplete mode parameter data
[   23.768731] sd 2:0:1:0: [sdb] Assuming drive cache: write through
[   23.805920] sd 2:0:0:0: [sda] Write Protect is off
[   23.828787] sd 2:0:0:0: [sda] Incomplete mode parameter data
[   23.847934] sd 2:0:0:0: [sda] Assuming drive cache: write through
[   23.893470]  sda: sda1
[   23.908666] sd 2:0:1:0: [sdb] Attached SCSI disk
[   23.918393] e1000 0000:00:03.0 eth0: (PCI:33MHz:32-bit) 02:1b:e7:ca:c1:c0
[   23.918401] e1000 0000:00:03.0 eth0: Intel(R) PRO/1000 Network Connection
[   24.016928] sd 2:0:0:0: [sda] Attached SCSI disk
[   24.314299] e1000 0000:00:08.0 eth1: (PCI:33MHz:32-bit) 08:00:27:5f:b2:8c
[   24.386164] e1000 0000:00:08.0 eth1: Intel(R) PRO/1000 Network Connection
[   24.443029] e1000 0000:00:03.0 enp0s3: renamed from eth0
[   24.514174] e1000 0000:00:08.0 enp0s8: renamed from eth1
[   25.461769] floppy0: no floppy controllers found
Begin: Loading e[   26.882807] md: linear personality registered for level -1
ssential drivers ... [   26.943116] md: multipath personality registered for level -4
[   26.978069] md: raid0 personality registered for level 0
[   27.010435] md: raid1 personality registered for level 1
[   27.106252] raid6: sse2x1   gen()  8250 MB/s
[   27.209995] raid6: sse2x1   xor()  6438 MB/s
[   27.325839] raid6: sse2x2   gen()  9090 MB/s
[   27.398135] raid6: sse2x2   xor()  7220 MB/s
[   27.485938] raid6: sse2x4   gen() 12423 MB/s
[   27.577811] raid6: sse2x4   xor()  8526 MB/s
[   27.670132] raid6: avx2x1   gen() 16157 MB/s
[   27.742414] raid6: avx2x2   gen() 18587 MB/s
[   27.855129] raid6: avx2x4   gen() 21094 MB/s
[   27.918030] raid6: using algorithm avx2x4 gen() 21094 MB/s
[   27.957293] raid6: using avx2x2 recovery algorithm
[   28.011433] xor: automatically using best checksumming function:
[   28.125766]    avx       : 17659.000 MB/sec
[   28.202273] async_tx: api initialized (async)
[   28.236388] md: raid6 personality registered for level 6
[   28.269069] md: raid5 personality registered for level 5
[   28.307550] md: raid4 personality registered for level 4
[   28.325392] md: raid10 personality registered for level 10
done.
Begin: Running /scripts/init-premount ... done.
Begin: Mounting root file system ... Begin: Running /scripts/local-top ... done.
Begin: [   28.376409] Btrfs loaded
Running /scripts/local-premount ... Scanning for Btrfs filesystems
done.
Warning: fsck no[   28.430461] EXT4-fs (sda1): INFO: recovery required on readonly filesystem
t present, so skipping root file[   28.448901] EXT4-fs (sda1): write access will be enabled during recovery
 system
[   28.765734] EXT4-fs (sda1): orphan cleanup on readonly fs
[   28.776696] EXT4-fs (sda1): 5 orphan inodes deleted
[   28.777546] EXT4-fs (sda1): recovery complete
[   28.798076] EXT4-fs (sda1): mounted filesystem with ordered data mode. Opts: (null)
done.
Begin: Running /scripts/local-bottom ... done.
Begin: Running /scripts/init-bottom ... done.
[   29.465962] random: nonblocking pool is initialized
[   29.595585] systemd[1]: systemd 229 running in system mode. (+PAM +AUDIT +SELINUX +IMA +APPARMOR +SMACK +SYSVINIT +UTMP +LIBCRYPTSETUP +GCRYPT +GNUTLS +ACL +XZ -LZ4 +SECCOMP +BLKID +ELFUTILS +KMOD -IDN)
[   29.751798] systemd[1]: Detected virtualization oracle.
[   29.787806] systemd[1]: Detected architecture x86-64.

Welcome to [1mUbuntu 16.04.4 LTS[0m!

[   29.924108] systemd[1]: Set hostname to <redu>.
[  30.50747 stemd[1]: Strt Tgg rolonupate or netwrkd NS

[[0;32m  OK  [0m] Started Trigger resolvconf update for networkd DNS.
[ 31248911] systemd[1]: Listeningn LVM2 metadata daemon socket.
[[0;32m  OK  [0m] Listening on LVM2 metadata daemon socket.
[   31.614360] systemd[1]: Listening on udev KerelSoke
[[0;32m  OK  [0m] Listening on udev Kernel Socket.
[   2.2448] syte[1 Lstening n evnitlCompatibiliy mePipe
[[0;32m  OK  [0m] Listening on /dev/initctl Compatibility Named Pipe.
[   33.102]ysmd1]: ReahetaetEnyped Volme
[[0;32m  OK  [0m] Reached target Encrypted Volumes.
[  373423]ystem[1 Srtd Forard Pswd qusttoWallDiecryatch.
[[0;32m  OK  [0m] Started Forward Password Requests to Wall Directory Watch.
[   34.51624] syte[1 Lteng n url ckt (/dev/log).
[[0;32m  OK  [0m] Listening on Journal Socket (/dev/log).
[   35.027 sstemd[1]: Reacedaret SyteTi Schonized.
[[0;32m  OK  [0m] Reached target System Time Synchronized.
[   35.567034] systemd[1]: Set up automount Arbitrary Executable File Formats File System Automount Point.
[[0;32m  OK  [0m] Set up automount Arbitrary Executab...ats File System Automount Point.
[  35980systemd[1]: Reached target User and Group Name Lookups.

[[0;32m  OK  [0m] Reached target User and Group Name Lookups.
[  35.77883]ysmd1] Ceated slice User and Session Slice.

[[0;32m  OK  [0m] Created slice User and Session Slice.
[   36.001309] systemd[1]: Reached target Swap.
[[0;32m  OK  [0m] Reached target Swap.
[   36.015452] systemd[1]: Listening on Journal Audit Socket.
[[0;32m  OK  [0m] Listening on Journal Audit Socket.
[   36.027760] systemd[1]: Listening on LVM2 poll daemon socket.
[[0;32m  OK  [0m] Listening on LVM2 poll daemon socket.
[   36.058473] systemd[1]: Listening on Device-mapper event daemon FIFOs.
[[0;32m  OK  [0m] Listening on Device-mapper event daemon FIFOs.
[   36.133040] systemd[1]: Listening on udev Control Socket.
[[0;32m  OK  [0m] Listening on udev Control Socket.
[   36.142284] systemd[1]: Listening on Syslog Socket.
[[0;32m  OK  [0m] Listening on Syslog Socket.
[   36309] systed[: ead ice ysm ic
[[0;32m  OK  [0m] Created slice System Slice.
[   36.7543] stmd]:eached target Slices.

[[0;32m  OK  [0m] Reached target Slices.
[  36.994525] systemd[1]: Created slice system-serial\x2dgetty.slice.
[[0;32m  OK  [0m] Created slice system-serial\x2dgetty.slice.
[ 37.058246] systemd[1]: Listening on Journal Socket.
[[0;32m  OK  [0m] Listening on Journal Socket.
[   37.146159] systemd[1]: Starting Nameserver information manager...
         Starting Nameserver information manager...
[   37.233868] systemd[1]: Starting Load Kernel Modules...
         Starting Load Kernel Modules...
[   37.306341] systemd[1]: Starting Create list of required static device nodes for the current kernel...
         Starting Create list of required st... nodes for the current kernel...
[   37.319504] systemd[1]: Mounting Debug File System...
         Mounting Debug File System...
[   37.393571] Loading iSCSI transport class v2.0-870.
[   37.416342] iscsi: registered transport (tcp)
[   37.458252] systemd[1]: Mounting Huge Pages File System...
         Mounting Huge Pages File System...
[   37.598226] systemd[1]: Starting Journal Service...
         Starting Journal Service...
[   37.721955] systemd[1]: Starting Set console keymap...
         Starting Set console keymap...
[   37.806908] systemd[1]: Starting Remount Root and Kernel File Systems...
         Starting Remount Root and Kernel File Systems...
[   37.832822] systemd[1]: Starting Monitoring of LVM2 mirrors, snapshots etc. using dmeventd or progress polling...
[   37.844683] EXT4-fs (sda1): re-mounted. Opts: (null)
         Starting Monitoring of LVM2 mirrors... dmeventd or progress polling...
[   37.873772] iscsi: registered transport (iser)
[   37255] systemd[1]: Mounting POSIX Message Queue File System...
         Mounting POSIX Message Queue File System...
[   38.074917] systemd[1]: Starting Uncomplicated firewall...
         Starting Uncomplicated firewall...
[   38.124122] systemd[1]: Mounted POSIX Message Queue File System.
[[0;32m  OK  [0m] Mounted POSIX Message Queue File System.
[   38.153206] systemd[1]: Mounted Huge Pages File System.
[[0;32m  OK  [0m] Mounted Huge Pages File System.
[ 38251592] syte[1 MuntedDebg FilSyem
[[0;32m  OK  [0m] Mounted Debug File System.
[ 38301]ysmd[1]: Sared Journal Service.
[[0;32m  OK  [0m] Started Journal Service.
[[0;32m  OK  [0m] Started Load Kernel Modules.
[[0;32m  OK  [0m] Started Create list of required sta...ce nodes for the current kernel.
[[0;32m  OK  [0m] Started Set console keymap.
[[0;32m  OK  [0m] Started Remount Root and Kernel File Systems.
[[0;32m  OK  [0m] Started Uncomplicated firewall.
[[0;32m  OK  [0m] Started Nameserver information manager.
[[0;32m  OK  [0m] Started LVM2 metadata daemon.
         Starting Load/Save Random Seed...
         Starting Initial cloud-init job (pre-networking)...
         Starting udev Coldplug all Devices...
         Starting Create Static Device Nodes in /dev...
         Mounting FUSE Control File System...
         Starting Apply Kernel Variables...
         Starting Flush Journal to Persistent Storage...
[[0;32m  OK  [0m] Mounted FUSE Control File System.
[[0;32m  OK  [0m] Started Monitoring of LVM2 mirrors,...ng dmeventd or progress polling.
[[0;32m  OK  [0m] Started Load/Save Random Seed.
[[0;32m  OK  [0m] Started Create Static Device Nodes in /dev.
[[0;32m  OK  [0m] Started Apply Kernel Variables.
[[0;32m  OK  [0m] Started udev Coldplug all Devices.
         Starting udev Kernel Device Manager...
[[0;32m  OK  [0m] Started Flush Journal to Persistent Storage.
[[0;32m  OK  [0m] Started udev Kernel Device Manager.
[[0;32m  OK  [0m] Started Dispatch Password Requests to Console Directory Watch.
[[0;32m  OK  [0m] Reached target Local File Systems (Pre).
[[0;32m  OK  [0m] Reached target Local File Systems.
         Starting Create Volatile Files and Directories...
         Starting LSB: AppArmor initialization...
         Starting Set console font and keymap...
         Starting Tell Plymouth To Write Out Runtime Data...
[[0;32m  OK  [0m] Started Create Volatile Files and Directories.
         Starting Update UTMP about System Boot/Shutdown...
[[0;32m  OK  [0m] Started Tell Plymouth To Write Out Runtime Data.
[[0;32m  OK  [0m] Started Update UTMP about System Boot/Shutdown.
[[0;32m  OK  [0m] Found device /dev/ttyS0.
[[0;32m  OK  [0m] Found device 82540EM Gigabit Ethern...r (PRO/1000 MT Desktop Adapter).
[[0;32m  OK  [0m] Found device 82540EM Gigabit Ethern...r (PRO/1000 MT Desktop Adapter).
[[0;32m  OK  [0m] Started Set console font and keymap.
[[0;32m  OK  [0m] Created slice system-getty.slice.
[[0;32m  OK  [0m] Started LSB: AppArmor initialization.
[[0;32m  OK  [0m] Listening on Load/Save RF Kill Switch Status /dev/rfkill Watch.
[   27.740749] cloud-init[437]: Cloud-init v. 17.2 running 'init-local' at Fri, 20 Apr 2018 22:09:24 +0000. Up 27.33 seconds.
[[0;32m  OK  [0m] Started Initial cloud-init job (pre-networking).
[[0;32m  OK  [0m] Reached target Network (Pre).
[[0;32m  OK  [0m] Started ifup for enp0s8.
         Starting Raise network interfaces...
[[0;32m  OK  [0m] Started ifup for enp0s3.
[[0;32m  OK  [0m] Started Raise network interfaces.
[[0;32m  OK  [0m] Reached target Network.
         Starting Initial cloud-init job (metadata service crawler)...
[   30.106414] cloud-init[1053]: Cloud-init v. 17.2 running 'init' at Fri, 20 Apr 2018 22:09:26 +0000. Up 29.52 seconds.
[   30.129299] cloud-init[1053]: ci-info: ++++++++++++++++++++++++++++++++++++++Net device info++++++++++++++++++++++++++++++++++++++
[   30.160861] cloud-init[1053]: ci-info: +--------+------+-----------------------------+---------------+-------+-------------------+
[   30.200423] [cloud-init[0;32m  OK  [0m[1053]: ] ci-info: | Device |  Up  |           Address           |      Mask     | Scope |     Hw-Address    |Started Initial cloud-init job (metadata service crawler).

[   30.268343] [cloud-init[0;32m  OK  [0m[1053]: ] ci-info: +--------+------+-----------------------------+---------------+-------+-------------------+Reached target Network is Online.

         Starting iSCSI initiator daemon (iscsid)...
[[   30.298120] [0;32m  OK  [0mcloud-init] [1053]: Reached target Cloud-config availability.ci-info: | enp0s3 | True |          10.0.2.15          | 255.255.255.0 |   .   | 02:1b:e7:ca:c1:c0 |

[[0;32m  OK  [0m] Reached target System Initialization.
[   30.358361]          cloud-initStarting Socket activation for snappy daemon.[1053]: 
ci-info: | enp0s3 | True |  fe80::1b:e7ff:feca:c1c0/64 |       .       |  link | 02:1b:e7:ca:c1:c0 |
[   30.413946] [cloud-init[0;32m  OK  [0m[1053]: ] ci-info: | enp0s8 | True |        192.168.1.115        | 255.255.255.0 |   .   | 08:00:27:5f:b2:8c |Started ACPI Events Check.

[   30.475570] [cloud-init[0;32m  OK  [0m[1053]: ] ci-info: | enp0s8 | True | fe80::a00:27ff:fe5f:b28c/64 |       .       |  link | 08:00:27:5f:b2:8c |Reached target Paths.

[   30.476000] cloud-init[1053]: ci-info: |   lo   | True |          127.0.0.1          |   255.0.0.0   |   .   |         .         |
[[0;32m  OK  [0m] Started Timer to automatically refresh installed snaps.
         Starting LXD - unix socket.
[[0;32m  OK  [0m] Listening on D-Bus System Message Bus Socket.
[[0;32m  OK  [0m] Started Daily Cleanup of Temporary Directories.
[[0;32m  OK  [0m] Listening on UUID daemon activation socket.
[[0;32m  OK  [0m] Started Daily apt download activities.
[[0;32m  OK  [0m] Started Daily apt upgrade and clean activities.
[[0;32m  OK  [0m] Reached target Timers.
[[0;32m  OK  [0m] Listening on ACPID Listen Socket.
[   30.522345] cloud-init[1053]: ci-info: |   lo   | True |           ::1/128           |       .       |  host |         .         |
[   30.855689] cloud-init[1053]: ci-info: +--------+------+-----------------------------+---------------+-------+-------------------+
[[0;32m  OK  [0m] Listening on Socket activation for snappy daemon.
[[0;32m  OK  [0m] Listening on LXD - unix socket.
[[0;32m  OK  [0m] Started iSCSI initiator daemon (iscsid).
[   30.856114] cloud-init[1053]: ci-info: +++++++++++++++++++++++++++Route IPv4 info++++++++++++++++++++++++++++
[   31.021806]          cloud-initStarting Login to default iSCSI targets...[1053]: 
ci-info: +-------+-------------+----------+---------------+-----------+-------+
[   31.050810] [cloud-init[0;32m  OK  [0m[1053]: ] ci-info: | Route | Destination | Gateway  |    Genmask    | Interface | Flags |Reached target Sockets.

[   31.067237] [cloud-init[0;32m  OK  [0m[1053]: ] ci-info: +-------+-------------+----------+---------------+-----------+-------+Reached target Basic System.

[   31.105047]          cloud-initStarting System Logging Service...[1053]: 
ci-info: |   0   |   0.0.0.0   | 10.0.2.2 |    0.0.0.0    |   enp0s3  |   UG  |
[   31.166062] [[0;32m  OK  [0m] Started D-Bus System Message Bus.
cloud-init[1053]: ci-info: |   1   |   10.0.2.0  | 0.0.0.0  | 255.255.255.0 |   enp0s3  |   U   |
[   31.232490] cloud-init[1053]: ci-info: |   2   | 192.168.1.0 | 0.0.0.0  | 255.255.255.0 |   enp0s8  |   U   |
         Starting Login Service...
[   31.266663] cloud-init[1053]: ci-info: +-------+-------------+----------+---------------+-----------+-------+
         Starting LSB: MD monitoring daemon...
         Starting MySQL Community Server...
[[0;32m  OK  [0m] Started An object/document-oriented database.
         Starting Virtualbox guest utils...
[[0;32m  OK  [0m] Started Deferred execution scheduler.
         Starting LXD - container startup/shutdown...
         Starting LSB: Record successful boot for GRUB...
[[0;32m  OK  [0m] Started FUSE filesystem for LXC.
         Starting Accounts Service...
[[0;32m  OK  [0m] Started Regular background program processing daemon.
         Starting Apply the settings specified in cloud-config...
         Starting /etc/rc.local Compatibility...
         Starting OpenBSD Secure Shell server...
         Starting Snappy daemon...
[[0;32m  OK  [0m] Started Unattended Upgrades Shutdown.
[[0;32m  OK  [0m] Started ACPI event daemon.
[[0;32m  OK  [0m] Started System Logging Service.
[[0;32m  OK  [0m] Started /etc/rc.local Compatibility.
[[0;32m  OK  [0m] Started Login Service.
[[0;32m  OK  [0m] Started LSB: Record successful boot for GRUB.
[[0;32m  OK  [0m] Started LSB: MD monitoring daemon.
[[0;32m  OK  [0m] Started Login to default iSCSI targets.
[[0;32m  OK  [0m] Reached target Remote File Systems (Pre).
[[0;32m  OK  [0m] Reached target Remote File Systems.
         Starting LSB: Set the CPU Frequency Scaling governor to "ondemand"...
         Starting LSB: automatic crash report generation...
[   32.325500] cloud-init[1155]: Cloud-init v. 17.2 running 'modules:config' at Fri, 20 Apr 2018 22:09:28 +0000. Up 31.92 seconds.
         Starting LSB: daemon to balance interrupts for SMP systems...
         Starting Permit User Sessions...
[[0;32m  OK  [0m] Started Virtualbox guest utils.
[[0;32m  OK  [0m] Started Apply the settings specified in cloud-config.
[[0;32m  OK  [0m] Started LSB: Set the CPU Frequency Scaling governor to "ondemand".
[[0;32m  OK  [0m] Started OpenBSD Secure Shell server.
[[0;32m  OK  [0m] Started Permit User Sessions.
         Starting Terminate Plymouth Boot Screen...
         Starting Hold until boot process finishes up...
[[0;32m  OK  [0m] Started LSB: automatic crash report generation.
[[0;32m  OK  [0m] Started LSB: daemon to balance interrupts for SMP systems.
[[0;32m  OK  [0m] Started Terminate Plymouth Boot Screen.
[[0;32m  OK  [0m] Started Hold until boot process finishes up.
         Starting Authenticate and Authorize Users to Run Privileged Tasks...
[[0;32m  OK  [0m] Started Getty on tty1.
         Starting Set console scheme...
[[0;32m  OK  [0m] Started Serial Getty on ttyS0.
[[0;32m  OK  [0m] Reached target Login Prompts.
[[0;32m  OK  [0m] Started Set console scheme.
[[0;32m  OK  [0m] Started Authenticate and Authorize Users to Run Privileged Tasks.
[[0;32m  OK  [0m] Started Accounts Service.
[[0;32m  OK  [0m] Started Snappy daemon.
[[0;32m  OK  [0m] Started LXD - container startup/shutdown.
[[0;32m  OK  [0m] Created slice User Slice of vagrant.
         Starting User Manager for UID 1000...
[[0;32m  OK  [0m] Started Session 1 of user vagrant.
[[0;32m  OK  [0m] Started User Manager for UID 1000.

Ubuntu 16.04.4 LTS redu ttyS0

redu login: [   39.749974] cloud-init[1621]: Cloud-init v. 17.2 running 'modules:final' at Fri, 20 Apr 2018 22:09:36 +0000. Up 39.58 seconds.
[   39.750429] cloud-init[1621]: Cloud-init v. 17.2 finished at Fri, 20 Apr 2018 22:09:36 +0000. Datasource DataSourceNoCloud [seed=/dev/sdb][dsmode=net].  Up 39.74 seconds
